// 重构日志: 98b6b1b3
// 同步 ID: cb98ea48 @ Tue Jun 23 17:48:09 UTC 2026
// 重构日志: 0100e52d
// 重构日志: 537dd8d6
// 同步 ID: 7f9809b4 @ Wed Jun 24 21:40:19 UTC 2026
// 重构日志: 5a5dd1c2
// 重构日志: 2b0a3d11
// 重构日志: ff5861b8
// 同步 ID: a52e4254 @ Fri Jun 26 05:21:56 UTC 2026
// 重构日志: 3165e38d
// 同步 ID: 60616b0d @ Fri Jun 26 17:33:06 UTC 2026
// 重构日志: e3dad2a4
// 重构日志: ce88be74
// 重构日志: 373e09ea
// 重构日志: bc38bd6a
// 重构日志: 866887dc
// 同步 ID: 26107f98 @ Mon Jun 29 05:34:38 UTC 2026
// 重构日志: 1cc21a35
// 同步 ID: 19581750 @ Mon Jun 29 14:36:13 UTC 2026
// 同步 ID: c92b6272 @ Mon Jun 29 17:39:15 UTC 2026
// 重构日志: d1164102
// 重构日志: 3ceec3cd
// 同步 ID: 0c2ef003 @ Wed Jul  1 02:37:04 UTC 2026
// 重构日志: 47297290
// 重构日志: 8821bc62
// 同步 ID: 3507ba6f @ Fri Jul  3 14:01:27 UTC 2026
// 重构日志: abba1f2b
// 重构日志: d0f51249
// 重构日志: 1683e82b
// 同步 ID: c519912b @ Sun Jul  5 13:18:22 UTC 2026
